2023-09-27 12:09:45.723 [restartedMain] INFO  com.api.dms.report.Application:55 - Starting Application on DESKTOP-RP03CE4 with PID 15656 (started by Achmad Amri in C:\Users\Achmad Amri\git\mono-dms\bsd-api-dms-report)
2023-09-27 12:09:45.743 [restartedMain] INFO  com.api.dms.report.Application:651 - No active profile set, falling back to default profiles: default
2023-09-27 12:09:45.940 [restartedMain] INFO  o.s.b.d.restart.ChangeableUrls:225 - The Class-Path manifest attribute in C:\Users\Achmad Amri\.m2\repository\org\glassfish\jaxb\jaxb-runtime\2.3.2\jaxb-runtime-2.3.2.jar referenced one or more files that do not exist: file:/C:/Users/Achmad%20Amri/.m2/repository/org/glassfish/jaxb/jaxb-runtime/2.3.2/jakarta.xml.bind-api-2.3.2.jar,file:/C:/Users/Achmad%20Amri/.m2/repository/org/glassfish/jaxb/jaxb-runtime/2.3.2/txw2-2.3.2.jar,file:/C:/Users/Achmad%20Amri/.m2/repository/org/glassfish/jaxb/jaxb-runtime/2.3.2/istack-commons-runtime-3.0.8.jar,file:/C:/Users/Achmad%20Amri/.m2/repository/org/glassfish/jaxb/jaxb-runtime/2.3.2/stax-ex-1.8.1.jar,file:/C:/Users/Achmad%20Amri/.m2/repository/org/glassfish/jaxb/jaxb-runtime/2.3.2/FastInfoset-1.2.16.jar,file:/C:/Users/Achmad%20Amri/.m2/repository/org/glassfish/jaxb/jaxb-runtime/2.3.2/jakarta.activation-api-1.2.1.jar
2023-09-27 12:09:45.943 [restartedMain] INFO  o.s.b.d.e.DevToolsPropertyDefaultsPostProcessor:225 - Devtools property defaults active! Set 'spring.devtools.add-properties' to 'false' to disable
2023-09-27 12:09:45.944 [restartedMain] INFO  o.s.b.d.e.DevToolsPropertyDefaultsPostProcessor:225 - For additional web related logging consider setting the 'logging.level.web' property to 'DEBUG'
2023-09-27 12:09:49.313 [restartedMain] INFO  o.s.d.r.c.RepositoryConfigurationDelegate:126 - Bootstrapping Spring Data repositories in DEFAULT mode.
2023-09-27 12:09:49.721 [restartedMain] INFO  o.s.d.r.c.RepositoryConfigurationDelegate:182 - Finished Spring Data repository scanning in 333ms. Found 9 repository interfaces.
2023-09-27 12:09:51.212 [restartedMain] INFO  o.s.c.s.PostProcessorRegistrationDelegate$BeanPostProcessorChecker:330 - Bean 'org.springframework.transaction.annotation.ProxyTransactionManagementConfiguration' of type [org.springframework.transaction.annotation.ProxyTransactionManagementConfiguration] is not eligible for getting processed by all BeanPostProcessors (for example: not eligible for auto-proxying)
2023-09-27 12:09:52.474 [restartedMain] INFO  o.h.jpa.internal.util.LogHelper:31 - HHH000204: Processing PersistenceUnitInfo [name: default]
2023-09-27 12:09:52.993 [restartedMain] INFO  org.hibernate.Version:46 - HHH000412: Hibernate Core {5.4.6.Final}
2023-09-27 12:09:53.604 [restartedMain] INFO  o.h.annotations.common.Version:49 - HCANN000001: Hibernate Commons Annotations {5.1.0.Final}
2023-09-27 12:09:53.997 [restartedMain] INFO  com.zaxxer.hikari.HikariDataSource:110 - HikariPool-1 - Starting...
2023-09-27 12:09:54.012 [restartedMain] WARN  c.z.hikari.util.DriverDataSource:70 - Registered driver with driverClassName=com.mysql.jdbc.Driver was not found, trying direct instantiation.
2023-09-27 12:09:54.612 [restartedMain] INFO  com.zaxxer.hikari.HikariDataSource:123 - HikariPool-1 - Start completed.
2023-09-27 12:09:54.757 [restartedMain] INFO  org.hibernate.dialect.Dialect:172 - HHH000400: Using dialect: org.hibernate.dialect.MySQL55Dialect
2023-09-27 12:09:58.550 [restartedMain] INFO  o.h.e.t.j.p.i.JtaPlatformInitiator:52 - HHH000490: Using JtaPlatform implementation: [org.hibernate.engine.transaction.jta.platform.internal.NoJtaPlatform]
2023-09-27 12:09:58.924 [restartedMain] INFO  o.s.o.j.LocalContainerEntityManagerFactoryBean:416 - Initialized JPA EntityManagerFactory for persistence unit 'default'
2023-09-27 12:10:00.538 [restartedMain] INFO  o.s.b.w.e.tomcat.TomcatWebServer:92 - Tomcat initialized with port(s): 2445 (https) 2085 (http)
2023-09-27 12:10:01.074 [restartedMain] INFO  o.a.catalina.core.StandardService:173 - Starting service [Tomcat]
2023-09-27 12:10:01.080 [restartedMain] INFO  o.a.catalina.core.StandardEngine:173 - Starting Servlet engine: [Apache Tomcat/9.0.27]
2023-09-27 12:10:01.683 [restartedMain] INFO  o.a.c.c.C.[Tomcat].[localhost].[/]:173 - Initializing Spring embedded WebApplicationContext
2023-09-27 12:10:01.704 [restartedMain] INFO  o.s.web.context.ContextLoader:284 - Root WebApplicationContext: initialization completed in 15758 ms
2023-09-27 12:10:01.948 [restartedMain] WARN  o.s.b.d.a.OptionalLiveReloadServer:60 - Unable to start LiveReload server
2023-09-27 12:10:04.751 [restartedMain] WARN  o.s.b.a.o.j.JpaBaseConfiguration$JpaWebConfiguration:220 - spring.jpa.open-in-view is enabled by default. Therefore, database queries may be performed during view rendering. Explicitly configure spring.jpa.open-in-view to disable this warning
2023-09-27 12:10:05.278 [restartedMain] INFO  s.d.s.w.PropertySourcedRequestMappingHandlerMapping:69 - Mapped URL path [/v2/api-docs] onto method [springfox.documentation.swagger2.web.Swagger2Controller#getDocumentation(String, HttpServletRequest)]
2023-09-27 12:10:05.580 [restartedMain] INFO  o.s.s.c.ThreadPoolTaskExecutor:171 - Initializing ExecutorService 'applicationTaskExecutor'
2023-09-27 12:10:06.291 [restartedMain] INFO  s.d.s.w.p.DocumentationPluginsBootstrapper:160 - Context refreshed
2023-09-27 12:10:06.343 [restartedMain] INFO  s.d.s.w.p.DocumentationPluginsBootstrapper:163 - Found 1 custom documentation plugin(s)
2023-09-27 12:10:06.518 [restartedMain] INFO  s.d.s.w.s.ApiListingReferenceScanner:41 - Scanning for api listing references
2023-09-27 12:10:09.353 [restartedMain] INFO  o.s.b.w.e.tomcat.TomcatWebServer:204 - Tomcat started on port(s): 2445 (https) 2085 (http) with context path ''
2023-09-27 12:10:09.597 [restartedMain] INFO  com.api.dms.report.Application:61 - Started Application in 25.134 seconds (JVM running for 27.944)
2023-09-27 12:10:09.678 [restartedMain] INFO  com.api.dms.report.Application:53 - trying to set salt
2023-09-27 12:10:09.969 [restartedMain] INFO  com.api.dms.report.Application:58 - set salt for : admin@mail.com
2023-09-27 12:10:09.970 [restartedMain] INFO  com.api.dms.report.Application:58 - set salt for : pic1@mail.com
2023-09-27 12:10:09.971 [restartedMain] INFO  com.api.dms.report.Application:58 - set salt for : pic2@mail.com
2023-09-27 12:10:09.972 [restartedMain] INFO  com.api.dms.report.Application:62 - set salt done
2023-09-27 12:39:00.860 [http-nio-2085-exec-2] INFO  o.a.c.c.C.[Tomcat].[localhost].[/]:173 - Initializing Spring DispatcherServlet 'dispatcherServlet'
2023-09-27 12:39:00.862 [http-nio-2085-exec-2] INFO  o.s.web.servlet.DispatcherServlet:525 - Initializing Servlet 'dispatcherServlet'
2023-09-27 12:39:00.876 [http-nio-2085-exec-2] INFO  o.s.web.servlet.DispatcherServlet:547 - Completed initialization in 12 ms
2023-09-27 12:39:01.079 [http-nio-2085-exec-3] INFO  c.a.d.r.controller.ReportController:91 - [fid:gr4rsst6t9luhiwvlxal] requestModel : {"email":"admin@mail.com","token":"eyJhbGciOiJIUzI1NiJ9.eyJpc3MiOiJtdC1hdXRoLWFwaSIsInN1YiI6InRva2VuIiwibmFtZSI6ImFkbWluQG1haWwuY29tIiwic2NvcGUiOiJhZG1pbnMiLCJpYXQiOjE2OTU2NDk1MTgsImV4cCI6MTcyNzE4NTUxNX0.5WUIv7vJtUFYoHYWuEJGEqYTuZh73S8H0tJxisI-FtA","requestId":"a7ygxvvp61","requestDate":"2023-09-27T12:39:00.724000"}
2023-09-27 12:39:01.359 [http-nio-2085-exec-3] INFO  c.a.d.r.controller.ReportController:96 - [fid:gr4rsst6t9luhiwvlxal] responseEntity : {"headers":{},"body":{"requestId":"a7ygxvvp61","requestDate":"2023-09-27T12:39:00.724000","responseId":"a7ygxvvp61-wbx7pu04kb","responseDate":"2023-09-27T12:39:01.0886309","status":"404","error":null,"message":"Not found","lstViewOrder":null,"length":null},"statusCode":"NOT_FOUND","statusCodeValue":404}
