2023-09-27 11:52:26.471 [restartedMain] INFO  com.api.dms.auth.Application:55 - Starting Application on DESKTOP-RP03CE4 with PID 9836 (started by Achmad Amri in C:\Users\Achmad Amri\git\mono-dms\bsd-api-dms-auth)
2023-09-27 11:52:26.480 [restartedMain] INFO  com.api.dms.auth.Application:651 - No active profile set, falling back to default profiles: default
2023-09-27 11:52:26.578 [restartedMain] INFO  o.s.b.d.restart.ChangeableUrls:225 - The Class-Path manifest attribute in C:\Users\Achmad Amri\.m2\repository\org\glassfish\jaxb\jaxb-runtime\2.3.2\jaxb-runtime-2.3.2.jar referenced one or more files that do not exist: file:/C:/Users/Achmad%20Amri/.m2/repository/org/glassfish/jaxb/jaxb-runtime/2.3.2/jakarta.xml.bind-api-2.3.2.jar,file:/C:/Users/Achmad%20Amri/.m2/repository/org/glassfish/jaxb/jaxb-runtime/2.3.2/txw2-2.3.2.jar,file:/C:/Users/Achmad%20Amri/.m2/repository/org/glassfish/jaxb/jaxb-runtime/2.3.2/istack-commons-runtime-3.0.8.jar,file:/C:/Users/Achmad%20Amri/.m2/repository/org/glassfish/jaxb/jaxb-runtime/2.3.2/stax-ex-1.8.1.jar,file:/C:/Users/Achmad%20Amri/.m2/repository/org/glassfish/jaxb/jaxb-runtime/2.3.2/FastInfoset-1.2.16.jar,file:/C:/Users/Achmad%20Amri/.m2/repository/org/glassfish/jaxb/jaxb-runtime/2.3.2/jakarta.activation-api-1.2.1.jar
2023-09-27 11:52:26.582 [restartedMain] INFO  o.s.b.d.e.DevToolsPropertyDefaultsPostProcessor:225 - Devtools property defaults active! Set 'spring.devtools.add-properties' to 'false' to disable
2023-09-27 11:52:26.585 [restartedMain] INFO  o.s.b.d.e.DevToolsPropertyDefaultsPostProcessor:225 - For additional web related logging consider setting the 'logging.level.web' property to 'DEBUG'
2023-09-27 11:52:28.949 [restartedMain] INFO  o.s.d.r.c.RepositoryConfigurationDelegate:126 - Bootstrapping Spring Data repositories in DEFAULT mode.
2023-09-27 11:52:29.096 [restartedMain] INFO  o.s.d.r.c.RepositoryConfigurationDelegate:182 - Finished Spring Data repository scanning in 127ms. Found 1 repository interfaces.
2023-09-27 11:52:29.869 [restartedMain] INFO  o.s.c.s.PostProcessorRegistrationDelegate$BeanPostProcessorChecker:330 - Bean 'org.springframework.transaction.annotation.ProxyTransactionManagementConfiguration' of type [org.springframework.transaction.annotation.ProxyTransactionManagementConfiguration] is not eligible for getting processed by all BeanPostProcessors (for example: not eligible for auto-proxying)
2023-09-27 11:52:30.326 [restartedMain] INFO  o.h.jpa.internal.util.LogHelper:31 - HHH000204: Processing PersistenceUnitInfo [name: default]
2023-09-27 11:52:30.491 [restartedMain] INFO  org.hibernate.Version:46 - HHH000412: Hibernate Core {5.4.6.Final}
2023-09-27 11:52:30.857 [restartedMain] INFO  o.h.annotations.common.Version:49 - HCANN000001: Hibernate Commons Annotations {5.1.0.Final}
2023-09-27 11:52:31.053 [restartedMain] INFO  com.zaxxer.hikari.HikariDataSource:110 - HikariPool-1 - Starting...
2023-09-27 11:52:31.059 [restartedMain] WARN  c.z.hikari.util.DriverDataSource:70 - Registered driver with driverClassName=com.mysql.jdbc.Driver was not found, trying direct instantiation.
2023-09-27 11:52:31.306 [restartedMain] INFO  com.zaxxer.hikari.HikariDataSource:123 - HikariPool-1 - Start completed.
2023-09-27 11:52:31.340 [restartedMain] INFO  org.hibernate.dialect.Dialect:172 - HHH000400: Using dialect: org.hibernate.dialect.MySQL55Dialect
2023-09-27 11:52:32.297 [restartedMain] INFO  o.h.e.t.j.p.i.JtaPlatformInitiator:52 - HHH000490: Using JtaPlatform implementation: [org.hibernate.engine.transaction.jta.platform.internal.NoJtaPlatform]
2023-09-27 11:52:32.414 [restartedMain] INFO  o.s.o.j.LocalContainerEntityManagerFactoryBean:416 - Initialized JPA EntityManagerFactory for persistence unit 'default'
2023-09-27 11:52:33.280 [restartedMain] INFO  o.s.b.w.e.tomcat.TomcatWebServer:92 - Tomcat initialized with port(s): 2440 (https) 2080 (http)
2023-09-27 11:52:33.365 [restartedMain] INFO  o.a.catalina.core.StandardService:173 - Starting service [Tomcat]
2023-09-27 11:52:33.366 [restartedMain] INFO  o.a.catalina.core.StandardEngine:173 - Starting Servlet engine: [Apache Tomcat/9.0.27]
2023-09-27 11:52:33.535 [restartedMain] INFO  o.a.c.c.C.[Tomcat].[localhost].[/]:173 - Initializing Spring embedded WebApplicationContext
2023-09-27 11:52:33.536 [restartedMain] INFO  o.s.web.context.ContextLoader:284 - Root WebApplicationContext: initialization completed in 6948 ms
2023-09-27 11:52:34.094 [restartedMain] INFO  o.s.b.d.a.OptionalLiveReloadServer:57 - LiveReload server is running on port 35729
2023-09-27 11:52:34.598 [restartedMain] WARN  o.s.b.a.o.j.JpaBaseConfiguration$JpaWebConfiguration:220 - spring.jpa.open-in-view is enabled by default. Therefore, database queries may be performed during view rendering. Explicitly configure spring.jpa.open-in-view to disable this warning
2023-09-27 11:52:34.867 [restartedMain] INFO  o.s.b.a.e.web.EndpointLinksResolver:58 - Exposing 2 endpoint(s) beneath base path '/actuator'
2023-09-27 11:52:35.035 [restartedMain] INFO  s.d.s.w.PropertySourcedRequestMappingHandlerMapping:69 - Mapped URL path [/v2/api-docs] onto method [springfox.documentation.swagger2.web.Swagger2Controller#getDocumentation(String, HttpServletRequest)]
2023-09-27 11:52:35.164 [restartedMain] INFO  o.s.s.c.ThreadPoolTaskExecutor:171 - Initializing ExecutorService 'applicationTaskExecutor'
2023-09-27 11:52:35.685 [restartedMain] INFO  s.d.s.w.p.DocumentationPluginsBootstrapper:160 - Context refreshed
2023-09-27 11:52:35.740 [restartedMain] INFO  s.d.s.w.p.DocumentationPluginsBootstrapper:163 - Found 1 custom documentation plugin(s)
2023-09-27 11:52:35.806 [restartedMain] INFO  s.d.s.w.s.ApiListingReferenceScanner:41 - Scanning for api listing references
2023-09-27 11:52:36.183 [restartedMain] INFO  s.d.s.w.r.o.CachingOperationNameGenerator:40 - Generating unique operation named: handleUsingGET_1
2023-09-27 11:52:36.188 [restartedMain] INFO  s.d.s.w.r.o.CachingOperationNameGenerator:40 - Generating unique operation named: handleUsingGET_2
2023-09-27 11:52:37.305 [restartedMain] INFO  o.s.b.w.e.tomcat.TomcatWebServer:204 - Tomcat started on port(s): 2440 (https) 2080 (http) with context path ''
2023-09-27 11:52:37.313 [restartedMain] INFO  com.api.dms.auth.Application:61 - Started Application in 11.465 seconds (JVM running for 12.994)
2023-09-27 11:52:37.324 [restartedMain] INFO  com.api.dms.auth.Application:53 - trying to set salt
2023-09-27 11:52:37.489 [restartedMain] INFO  com.api.dms.auth.Application:58 - set salt for : admin@mail.com
2023-09-27 11:52:37.490 [restartedMain] INFO  com.api.dms.auth.Application:58 - set salt for : pic1@mail.com
2023-09-27 11:52:37.491 [restartedMain] INFO  com.api.dms.auth.Application:58 - set salt for : pic2@mail.com
2023-09-27 11:52:37.492 [restartedMain] INFO  com.api.dms.auth.Application:62 - set salt done
2023-09-27 11:52:38.022 [RMI TCP Connection(1)-127.0.0.1] INFO  o.a.c.c.C.[Tomcat].[localhost].[/]:173 - Initializing Spring DispatcherServlet 'dispatcherServlet'
2023-09-27 11:52:38.023 [RMI TCP Connection(1)-127.0.0.1] INFO  o.s.web.servlet.DispatcherServlet:525 - Initializing Servlet 'dispatcherServlet'
2023-09-27 11:52:38.038 [RMI TCP Connection(1)-127.0.0.1] INFO  o.s.web.servlet.DispatcherServlet:547 - Completed initialization in 14 ms
